2 2 3
1 1
0
0
2 5 7
0
0
0
1 11
1 4
3 8 9 10
0
0
0
5 13 14 15 17 19
0
0
2 18 20
0
2 16 22
5 6 21 23 24 25
0
0
2 27 29
1 28
2 26 30
0
0
0
0
0
0
1 33
0
0
2 31 32
0
0
2 35 36
0
0
1 37
0
0
0
0
1 39
1 40
0
0
1 42
0
0
2 34 43
0
0
4 44 46 48 49
2 50 51
0
0
1 52
0
2 45 53
0
0
0
3 54 56 59
2 57 61
0
0
0
0
0
0
3 55 65 66
4 62 67 68 71
1 73
0
1 70
2 75 78
1 79
3 63 72 80
0
0
0
2 76 84
6 77 81 83 86 87 88
0
0
3 90 91 92
3 74 82 85
0
3 93 94 95
0
1 96
5 97 98 99 100 101
0
2 102 103
2 105 107
0
2 106 109
0
0
2 89 104
0
2 111 113
0
1 112
0
1 114
2 64 69
0
2 115 116
1 110
1 117
0
1 118
2 120 121
0
0
1 124
0
0
0
0
0
2 122 128
1 126
1 119
2 125 132
2 129 130
0
1 135
3 131 133 137
0
3 141 142 143
0
5 58 108 136 145 146
1 149
0
2 151 153
0
0
0
1 156
1 150
0
0
1 161
3 160 162 163
0
0
1 167
1 171
0
1 172
0
6 159 165 170 176 177 179
1 164
6 123 127 180 182 184 185
4 138 148 155 158
0
0
1 168
0
2 140 169
0
2 187 191
0
3 189 193 194
1 196
0
0
0
7 190 192 199 200 201 202 203
0
1 197
5 204 205 206 207 208
2 209 210
1 211
0
0
2 188 213
0
1 178
0
0
1 212
0
0
0
0
2 215 216
0
3 214 217 222
0
3 220 224 225
1 218
0
0
2 228 231
1 181
0
4 226 233 234 235
2 229 236
1 230
0
0
0
2 237 241
0
3 219 239 243
0
1 242
0
0
4 240 244 245 246
0
0
2 247 250
1 248
0
0
0
3 251 252 253
1 147
2 255 256
1 249
0
0
0
1 258
3 257 260 262
0
0
0
2 263 266
0
0
0
0
0
0
3 267 269 271
0
2 268 275
0
0
2 259 272
0
2 274 276
0
4 277 279 280 281
0
1 283
3 286 287 288
0
2 289 290
1 292
1 291
0
0
1 261
0
3 282 284 293
0
0
2 295 296
0
0
0
0
0
0
2 299 302
1 300
0
2 285 301
0
0
0
0
0
1 307
2 304 306
2 232 308
0
3 297 303 305
0
0
0
0
1 238
0
2 310 313
3 298 311 314
0
1 316
1 315
0
1 321
0
1 324
2 325 326
0
0
0
0
1 317
1 330
1 329
0
2 323 331
1 333
2 318 332
0
0
0
1 335
0
1 336
0
0
2 309 338
1 337
0
1 340
0
0
0
0
0
0
1 341
2 319 346
4 343 344 345 347
1 352
2 342 348
0
0
2 339 353
0
0
0
1 322
0
0
0
0
1 356
0
0
0
2 359 360
0
1 361
0
0
5 354 358 362 365 367
0
1 364
0
0
1 371
2 368 370
0
1 372
0
0
0
1 369
5 357 363 374 376 377
1 379
1 378
1 380
0
0
0
3 382 384 385
0
0
0
0
1 386
0
0
1 381
0
0
0
0
1 294
4 388 390 391 393
2 383 397
0
2 395 396
2 399 401
2 404 405
0
4 350 389 400 408
0
2 403 410
0
0
0
4 406 411 413 415
4 409 412 417 418
0
0
2 421 422
1 419
0
1 423
4 424 426 431 432
2 425 428
0
4 427 429 430 433
2 434 435
1 420
0
2 436 437
2 438 439
1 440
0
1 441
0
0
1 443
1 445
1 444
2 446 447
0
0
1 451
2 453 454
0
3 448 449 455
0
1 460
1 458
0
0
0
0
0
1 461
0
2 457 462
0
0
1 463
0
1 464
2 465 466
0
1 467
0
0
2 470 473
0
2 475 476
1 459
0
0
5 468 472 477 481 482
2 478 480
0
0
1 484
1 483
2 485 486
2 456 487
0
2 488 490
0
0
5 489 493 494 498 502
0
1 497
2 491 504
0
0
5 407 416 511 512 513
7 495 499 505 506 507 508 509
0
1 514
1 517
2 518 519
1 515
0
0
0
0
0
2 520 521
0
0
0
3 503 525 528
0
3 526 527 530
1 531
0
1 522
3 501 533 534
0
0
0
0
0
4 535 536 539 541
2 537 538
0
0
0
1 540
0
1 544
0
2 516 547
0
7 542 543 546 548 549 551 554
3 550 552 555
0
0
0
0
0
0
3 492 553 560
3 557 558 561
1 545
0
1 175
0
0
0
0
1 564
0
1 565
0
0
0
0
3 392 523 568
3 567 570 571
0
2 569 572
0
0
6 496 556 573 574 576 579
2 575 582
0
0
3 581 583 584
4 580 585 586 587
0
0
0
2 562 566
0
0
0
1 588
0
2 591 592
3 589 594 595
0
1 596
0
0
0
2 597 599
1 598
0
0
2 600 601
0
0
2 577 593
1 604
0
3 605 606 611
0
3 607 609 610
0
1 612
0
0
0
1 618
2 615 620
0
0
1 622
2 608 623
0
0
1 627
3 616 624 630
0
4 614 626 632 633
1 635
0
0
0
5 634 636 638 639 640
1 637
0
1 642
2 641 643
0
0
0
0
0
0
0
0
4 645 646 647 648
0
0
1 650
0
0
0
0
2 651 654
0
3 628 644 653
0
5 227 655 656 658 659
1 660
0
1 663
0
0
0
0
3 652 662 665
0
0
0
0
0
0
0
2 661 670
0
2 669 671
0
0
0
0
2 452 629
1 198
1 673
0
1 349
0
0
0
0
2 676 677
0
1 664
1 678
2 679 681
0
0
0
1 682
3 675 680 685
0
2 686 688
0
0
4 683 690 691 692
0
1 693
0
0
0
1 695
0
0
1 697
2 684 694
0
0
0
0
1 704
5 696 698 700 703 706
5 578 699 701 702 710
0
0
0
0
1 712
0
1 708
3 713 715 718
0
6 711 717 719 720 721 722
0
3 716 724 726
0
2 723 725
0
0
0
0
0
0
0
0
0
0
0
2 733 735
0
2 728 738
3 727 734 736
1 732
4 707 729 730 737
0
0
2 739 740
0
0
0
1 709
0
0
0
3 742 743 747
1 750
1 746
0
1 744
2 731 753
0
2 751 752
0
0
0
0
0
1 758
3 754 757 762
0
2 764 766
0
2 741 765
0
1 755
1 687
0
0
3 759 763 768
1 761
1 767
0
1 772
1 779
0
6 749 770 771 773 774 777
0
1 778
1 776
0
2 780 781
0
0
0
0
0
0
2 790 793
7 769 783 789 792 794 796 798
3 791 795 801
1 590
0
0
0
4 748 785 800 802
1 775
1 803
1 805
2 797 804
0
2 806 807
0
0
0
0
1 809
0
0
1 811
0
2 810 813
0
0
0
1 815
0
0
0
3 814 816 818
1 812
1 469
1 394
0
4 817 819 820 821
0
0
0
1 822
0
0
1 139
2 823 825
0
1 808
0
0
1 826
0
1 833
2 602 828
2 838 839
4 831 832 836 841
3 829 837 840
1 834
4 824 842 843 844
0
1 847
0
0
0
3 848 849 850
1 835
0
0
0
0
0
3 846 852 854
0
2 855 857
1 858
1 860
3 862 863 865
2 853 856
1 866
1 864
0
1 869
0
0
0
1 872
0
0
0
2 871 874
1 870
2 861 873
0
3 875 876 878
0
0
0
2 879 880
0
0
0
0
0
0
1 786
0
0
2 886 890
3 882 888 891
3 884 889 892
2 883 887
0
0
2 893 894
0
0
0
0
0
0
0
1 898
0
0
0
2 827 897
1 899
0
0
3 900 902 905
0
2 903 906
0
0
0
1 901
1 908
0
0
0
1 912
1 787
0
1 916
0
2 910 911
9 904 913 917 918 919 920 921 922 923
0
0
0
1 926
0
0
2 925 929
0
0
0
0
0
1 927
1 931
1 914
0
0
0
0
0
0
0
3 932 933 936
0
0
1 934
0
0
1 937
0
0
0
0
0
5 939 940 941 942 943
1 944
0
0
0
0
0
0
0
3 948 950 951
1 946
0
1 947
0
0
0
1 955
0
0
6 909 953 956 957 958 959
0
0
0
0
0
3 961 962 963
1 964
0
1 965
3 966 967 968
0
4 969 970 972 973
1 960
0
0
1 977
2 971 974
1 945
0
1 915
0
0
0
1 954
4 978 980 981 982
0
0
0
1 983
0
0
2 979 986
2 984 985
1 988
0
4 989 990 993 996
0
5 924 992 995 997 998
0
0
0
1 666
1 1007
6 999 1000 1001 1004 1005 1006
0
0
0
1 1010
1 1009
0
3 994 1013 1014
1 1003
0
0
2 1011 1017
1 1015
0
1 1019
0
2 668 1016
2 1018 1020
1 1012
0
0
0
0
1 1002
0
0
0
1 1022
3 1023 1024 1025
0
3 1026 1027 1028
0
2 529 1030
0
4 1031 1032 1033 1034
1 1029
1 1037
0
1 1036
0
2 1021 1039
0
1 1041
1 1042
0
0
0
0
2 1035 1046
2 1045 1047
3 1040 1043 1049
1 1048
1 1051
0
0
1 1053
0
0
0
0
0
0
0
0
3 1054 1059 1060
1 1055
0
3 1056 1062 1063
1 1064
1 1065
1 1066
2 1052 1067
2 1058 1070
1 1072
1 1075
3 221 1069 1071
0
0
0
2 1057 1068
0
3 1076 1077 1078
0
0
0
2 1080 1081
0
1 1079
3 1038 1082 1085
0
0
0
3 1083 1088 1089
2 1087 1094
0
0
1 1093
2 1090 1095
2 1092 1096
0
1 1091
2 782 1073
5 1086 1097 1098 1099 1100
0
2 1102 1105
1 1108
0
2 1101 1103
0
0
0
0
0
0
0
1 1111
1 845
1 1106
1 532
0
0
3 1114 1115 1116
0
1 1118
0
0
4 1117 1119 1120 1122
2 1110 1124
2 1125 1126
0
0
0
0
1 1128
1 1127
1 1123
5 1113 1130 1131 1132 1134
1 1136
0
0
0
0
0
4 1135 1138 1139 1141
3 1144 1145 1148
0
0
1 1149
1 1147
0
0
1 1137
2 1146 1150
0
1 1153
0
3 1151 1152 1154
0
3 1129 1140 1142
0
0
0
0
0
0
0
0
4 1155 1156 1159 1160
1 1157
0
0
0
0
0
0
0
1 1162
3 1161 1164 1168
0
0
2 1158 1171
3 1166 1169 1173
2 1165 1170
0
0
1 1167
0
0
0
2 1177 1179
0
3 1143 1186 1187
3 1181 1189 1191
0
1 1182
2 1183 1185
1 12
0
0
1 1184
0
2 1192 1194
0
0
0
3 1198 1199 1203
0
0
0
2 1205 1207
0
0
0
2 1196 1208
0
0
1 1209
0
0
0
2 1204 1210
0
1 1201
0
1 1212
0
1 1215
1 1213
2 1211 1216
2 1214 1217
0
3 1218 1219 1220
0
0
1 1224
0
1 1221
2 1225 1228
2 1197 1229
0
0
0
1 1195
0
0
0
1 1231
0
1 1234
2 1233 1235
0
0
0
1 1243
4 1239 1241 1242 1244
0
1 1226
0
0
1 1236
5 1232 1240 1245 1249 1250
0
0
0
0
2 1252 1253
3 1254 1255 1256
1 1223
0
0
0
0
0
3 1206 1258 1260
1 1261
0
0
0
2 1262 1264
0
0
0
2 1251 1266
0
0
2 1274 1275
0
0
8 1263 1265 1267 1269 1270 1271 1272 1273
0
0
1 1268
0
2 1277 1279
0
0
0
0
1 1280
0
0
0
0
1 414
2 1282 1283
1 1285
0
1 1281
0
1 1290
2 1284 1289
2 1278 1292
4 1287 1291 1293 1294
3 1288 1296 1297
0
1 1298
1 1286
0
0
1 1300
0
0
0
1 1303
0
0
1 1301
0
0
0
0
0
2 1308 1312
5 1230 1309 1310 1313 1315
3 1307 1314 1321
1 1320
1 1323
3 1319 1322 1327
2 1324 1325
4 1304 1316 1328 1329
0
4 1008 1305 1311 1332
0
0
0
3 1317 1335 1336
2 1295 1334
0
1 1330
1 1337
1 1338
0
0
1 1341
2 1344 1345
0
1 1342
0
0
0
0
1 1347
1 1350
0
0
2 1348 1355
0
2 625 1353
3 1349 1356 1358
0
1 1359
1 1361
0
2 154 1360
0
0
0
0
1 1364
0
0
0
0
0
1 1365
2 1352 1363
0
0
1 1368
1 1306
0
1 1366
0
0
4 1369 1370 1372 1373
1 1346
0
0
2 1362 1374
1 1375
0
1 1340
0
0
0
0
2 1378 1380
1 1376
0
6 1377 1381 1382 1383 1384 1385
0
0
2 1371 1387
1 1379
0
0
0
0
0
0
0
2 1193 1331
0
1 1394
0
2 1395 1396
0
2 1386 1389
0
0
1 1390
0
0
0
5 1397 1400 1401 1402 1403
1 1391
0
2 1388 1392
1 1248
2 1404 1405
1 1318
0
1 1406
1 1398
0
1 1407
0
0
1 1408
0
0
0
0
0
0
1 1409
2 1414 1415
4 1410 1413 1420 1423
1 1421
0
0
2 1418 1424
2 1411 1428
0
3 1419 1425 1429
0
5 1431 1432 1433 1434 1435
0
1 1438
0
2 1417 1436
3 1422 1430 1437
1 1444
4 1441 1443 1447 1448
1 1451
2 1442 1445
0
2 1326 1454
0
2 1412 1427
1 1044
0
1 1457
2 1453 1459
0
0
4 1456 1458 1460 1461
0
0
0
0
1 1440
1 1462
0
0
0
0
0
2 1465 1466
1 1467
1 1463
0
0
0
5 1439 1455 1468 1469 1472
0
0
4 1473 1476 1477 1479
0
6 1470 1474 1475 1480 1482 1483
0
3 1490 1492 1493
4 1485 1488 1491 1494
1 1487
0
0
0
1 1489
0
0
1 1497
0
1 1495
4 1498 1499 1500 1501
0
0
0
0
1 1502
1 1504
0
0
5 1503 1505 1506 1508 1509
1 1511
0
1 1510
1 1302
1 1484
0
1 1512
0
2 1516 1519
1 1514
1 1518
0
0
3 1515 1517 1523
0
0
0
0
0
1 1525
1 1521
2 1513 1526
0
0
0
3 1527 1528 1532
0
0
3 1530 1531 1534
2 1524 1535
0
2 1537 1538
0
0
0
2 1540 1542
1 1541
0
3 1543 1544 1546
0
1 1547
0
1 1549
1 1548
0
0
1 1552
2 1553 1555
1 1554
0
0
0
0
1 1551
0
0
1 1557
0
0
0
0
0
4 1556 1559 1560 1561
1 1563
5 1565 1567 1568 1569 1570
3 1571 1572 1574
1 1576
1 1564
2 1558 1566
0
4 1573 1577 1578 1579
4 617 1581 1583 1584
0
3 1550 1575 1582
0
0
1 1562
0
0
2 1585 1587
2 1586 1589
0
0
1 1591
0
2 1590 1593
1 1592
0
0
1 1594
0
0
0
1 1599
0
0
0
0
0
2 1602 1603
0
2 1598 1601
2 1605 1606
0
0
0
2 1604 1608
1 1609
0
5 1533 1612 1613 1614 1615
1 1616
1 1611
0
0
0
0
0
2 1619 1620
0
1 1607
0
1 1625
2 991 1622
0
1 1621
0
0
0
0
8 1624 1626 1627 1628 1629 1630 1631 1633
0
0
0
2 1632 1638
0
5 1635 1637 1639 1640 1641
1 674
0
0
1 1643
2 1636 1644
0
1 1646
0
0
1 1648
1 1649
1 1645
0
0
0
1 1650
0
0
1 1652
1 1651
0
0
0
0
1 1109
1 1658
1 1656
1 1660
0
0
1 1661
0
0
0
3 1642 1663 1665
0
3 1647 1664 1667
0
0
4 1662 1668 1670 1672
2 1669 1673
0
0
0
0
0
0
3 1674 1675 1677
0
0
1 1685
1 1671
1 1680
0
4 1681 1682 1684 1686
0
0
0
0
0
0
4 1683 1687 1690 1692
1 1694
0
1 1699
2 1691 1695
4 1696 1701 1704 1705
2 1693 1698
0
2 1703 1706
1 1700
0
3 1709 1710 1711
1 1713
0
0
2 1707 1715
0
0
0
0
0
1 1720
0
0
0
0
3 1721 1723 1724
1 1726
0
3 1722 1728 1729
4 1714 1718 1727 1731
0
0
1 1732
1 1733
0
0
0
0
0
1 1597
3 1735 1736 1737
0
1 877
0
0
0
0
1 1739
1 1734
0
3 1740 1744 1748
0
0
1 1741
3 1742 1749 1750
0
0
0
2 1617 1751
0
2 1747 1755
1 1753
0
0
0
1 1746
0
0
0
0
0
0
0
0
1 1759
1 1762
1 1758
0
0
1 1764
0
0
0
0
1 1771
4 1763 1769 1770 1772
0
1 1766
1 1775
0
2 1773 1774
2 1776 1777
0
1 1779
2 1745 1778
0
0
0
1 1486
0
2 1761 1781
1 1333
1 1784
2 1782 1785
2 1783 1786
0
0
0
0
0
0
0
0
1 1788
2 1767 1787
0
0
2 1789 1791
0
0
0
0
0
2 1676 1790
2 1792 1798
0
0
1 1797
0
2 1796 1800
0
0
1 1803
4 1794 1801 1809 1811
0
0
2 1807 1812
1 1813
2 1806 1814
2 1810 1815
1 1808
1 1817
0
1 1824
3 1818 1820 1821
0
0
1 1823
4 1822 1825 1829 1831
0
0
0
1 1712
0
7 1827 1833 1834 1835 1836 1838 1839
0
0
0
0
1 1843
0
2 1832 1848
2 1830 1845
3 1841 1846 1849
0
6 1840 1847 1853 1855 1856 1857
1 1851
2 1780 1802
0
3 1844 1854 1858
0
2 1842 1859
1 1860
0
1 1861
0
0
0
0
0
0
0
0
1 1862
1 1863
0
0
2 1864 1867
0
4 1869 1871 1872 1873
1 1176
0
0
0
1 1875
0
0
1 1878
0
0
1 1879
1 1877
1 1866
1 186
1 1880
1 1881
0
0
0
3 1481 1852 1883
1 1885
1 1886
1 1299
0
1 1890
0
0
0
0
5 1887 1889 1891 1892 1895
2 1882 1888
1 1894
4 1876 1897 1898 1899
1 1901
0
1 1903
0
1 1905
4 1906 1907 1908 1910
0
1 1896
0
0
0
0
0
0
7 1678 1911 1915 1916 1917 1918 1919
1 1913
0
0
5 1920 1922 1924 1925 1926
0
1 1923
0
2 1928 1929
1 1932
1 1933
3 1927 1930 1934
0
0
0
0
0
1 1936
0
1 1937
0
0
1 398
1 1942
0
0
1 1939
0
0
0
4 1921 1931 1946 1951
0
3 1949 1950 1952
0
2 1944 1948
0
0
1 1955
1 1163
1 1958
11 1935 1945 1953 1957 1960 1961 1962 1964 1966 1967 1968
0
0
0
4 1959 1965 1971 1972
1 1914
0
0
0
1 1977
1 1976
0
0
3 1970 1974 1978
0
0
0
1 1956
2 1909 1979
0
0
0
0
3 1982 1984 1985
0
0
1 1983
0
0
0
2 1963 1987
2 1986 1988
0
0
0
0
0
1 1980
2 1989 1990
0
2 1992 1993
0
1 1994
0
1 1996
1 1997
0
2 2001 2002
1 1999
0
2 2000 2005
1 2003
0
0
3 1969 2007 2008
0
0
0
0
1 2009
4 1995 2006 2011 2012
1 144
1 1981
1 2004
0
2 2013 2015
0
0
0
3 387 2018 2019
0
2 2017 2020
0
4 60 2016 2021 2022
1 2024
1 2026
0
0
3 2027 2030 2031
4 2014 2028 2032 2035
0
4 2033 2036 2037 2038
2 2039 2043
0
1 2044
1 2045
0
1 2048
3 2046 2049 2050
0
2 2029 2047
0
0
1 2052
0
0
4 2051 2053 2054 2055
1 1596
0
0
0
1 2042
0
1 2058
0
1 2059
0
0
2 2060 2063
1 2062
0
0
0
2 2065 2067
3 2056 2064 2068
1 2066
2 2071 2073
2 2070 2075
0
0
4 2069 2074 2076 2079
3 2077 2078 2080
0
1 2082
0
1 2081
2 631 1738
1 1107
1 2083
0
0
0
0
0
0
2 2085 2086
1 2089
0
0
1 2087
0
0
0
0
0
1 2095
2 2096 2097
2 2092 2093
1 2102
7 2098 2099 2101 2103 2104 2106 2107
0
3 2090 2091 2100
2 2108 2112
3 2113 2115 2116
2 2041 2094
1 2117
2 2114 2120
1 2111
0
0
1 2121
0
0
1 2118
0
0
0
1 2127
2 2124 2128
0
0
1 2130
1 2125
0
1 2129
0
0
0
0
0
2 2132 2134
1 2135
0
1 2126
1 2137
0
0
0
0
0
0
2 2138 2140
0
1 173
1 2141
1 2139
1 41
0
1 2143
0
0
1 2144
1 2145
1 2146
0
0
0
4 2133 2147 2148 2149
0
2 2151 2152
3 2150 2153 2154
0
1 2156
2 2155 2157
0
0
1 1954
1 2123
0
1 2119
0
0
0
1 2159
0
0
1 2110
0
1 2160
1 1799
0
0
0
3 2163 2164 2165
0
0
0
0
0
1 2167
3 2158 2166 2168
0
1 2023
0
0
1 2162
0
0
0
0
0
0
0
3 2172 2173 2174
1 2177
1 2176
2 2170 2178
0
2 2179 2180
0
0
0
0
2 2183 2185
0
0
0
0
2 2184 2189
0
1 2186
1 2191
1 2193
2 2182 2192
3 2187 2194 2195
0
0
1 2197
1 2196
0
0
0
0
0
0
0
7 2198 2204 2205 2206 2207 2208 2210
3 2202 2211 2212
0
2 2213 2215
0
1 2217
1 2200
1 1522
0
1 2218
0
2 2220 2221
1 2223
1 2222
0
0
0
0
2 2224 2226
2 2201 2214
1 2209
0
0
0
0
0
5 2225 2228 2233 2234 2236
0
3 2229 2232 2237
1 705
1 2235
0
0
0
0
0
1 2239
0
0
0
2 2245 2246
0
0
2 2061 2247
1 2248
2 2088 2240
1 2219
0
0
0
0
1 2249
0
5 2251 2253 2254 2255 2257
1 2252
0
0
0
2 2227 2238
1 2259
0
1 2260
0
0
3 2199 2258 2266
1 2267
1 1900
2 2264 2268
1 2270
2 2261 2269
0
1 2274
1 2276
2 2277 2278
0
0
0
0
0
7 2275 2280 2281 2283 2284 2285 2286
0
0
1 2287
0
0
0
1 2263
0
2 2288 2291
0
1 2273
4 2292 2293 2294 2295
1 2297
0
0
0
1 2301
1 2304
2 2231 2302
1 1449
2 2306 2307
0
0
3 2300 2308 2311
1 2244
2 2310 2313
0
3 2309 2312 2314
2 2315 2316
0
0
0
1 2321
0
1 2303
0
3 2317 2322 2323
0
0
0
1 2326
0
0
0
0
0
1 2328
1 2327
0
0
1 2331
0
0
0
1 2332
0
0
0
0
0
0
0
1 2333
0
2 2334 2335
1 2336
0
0
0
0
0
0
0
2 2339 2341
0
1 1247
0
3 2338 2340 2342
0
0
3 2320 2345 2346
3 2343 2347 2348
0
2 2337 2349
0
1 2350
0
2 2351 2352
2 2354 2357
0
4 2358 2359 2360 2361
2 867 2325
0
2 2356 2362
2 1702 2363
0
0
0
0
1 2364
0
0
1 949
0
1 2366
0
1 2369
0
0
0
0
0
1 2370
0
1 2318
0
0
1 2371
1 2376
0
1 2373
3 2374 2377 2379
0
1 2378
1 2375
0
0
1 2161
0
0
2 2381 2382
1 2372
1 2380
0
0
1 2384
0
1 1050
0
0
0
0
3 2386 2390 2392
0
0
4 1471 2394 2399 2400
0
2 2393 2402
0
5 2365 2387 2391 2395 2397
2 2401 2405
0
1 2408
0
0
0
0
5 2305 2411 2412 2415 2416
4 2398 2407 2413 2414
0
1 2396
2 2417 2420
0
2 2419 2425
1 2426
1 2383
4 2324 2421 2424 2428
2 2427 2429
0
0
0
0
